Fri Oct 17 10:41:27 2025
: Starting workflow: BackupFiles
Fri Oct 17 10:41:27 2025
: Starting workflow: SendDelayedMessage
Fri Oct 17 10:41:27 2025
:   Executing action: MessageAction with params: Hello, this is your reminder!
Fri Oct 17 10:41:27 2025
: Rule not satisfied for workflow: BackupFiles
Fri Oct 17 10:46:28 2025
:   Action MessageAction completed.
Fri Oct 17 10:46:28 2025
: Workflow completed: SendDelayedMessage
Fri Oct 17 10:46:28 2025
: Engine exited.
Sun Oct 19 10:16:46 2025
: Starting workflow: BackupFiles
Sun Oct 19 10:16:46 2025
: Starting workflow: SendEmailReminder
Sun Oct 19 10:16:46 2025
:   Executing action: MessageAction with params: {"content":"Don't forget to check the project status!","delay":5,"recipient":"jay795701@gmail.com","subject":"Project Reminder","type":"email"}
Sun Oct 19 10:16:46 2025
: Rule not satisfied for workflow: BackupFiles
Sun Oct 19 10:16:46 2025
: Starting workflow: SendSMSAlert
Sun Oct 19 10:16:46 2025
:   Executing action: MessageAction with params: {"content":"Server alert: High CPU usage detected!","delay":0,"recipient":"+1234567890","type":"sms"}
Sun Oct 19 10:21:46 2025
:   Action MessageAction completed.
Sun Oct 19 10:21:46 2025
: Workflow completed: SendEmailReminder
Sun Oct 19 10:21:46 2025
:   Action MessageAction completed.
Sun Oct 19 10:21:46 2025
: Workflow completed: SendSMSAlert
Sun Oct 19 10:21:46 2025
: Engine exited.
Sun Oct 19 10:24:25 2025
: Starting workflow: BackupFiles
Sun Oct 19 10:24:25 2025
: Starting workflow: SendEmailReminder
Sun Oct 19 10:24:25 2025
:   Executing action: MessageAction with params: {"content":"Don't forget to check the project status!","delay":5,"recipient":"jay795701@gmail.com","subject":"Project Reminder","type":"email"}
Sun Oct 19 10:24:25 2025
: Rule not satisfied for workflow: BackupFiles
Sun Oct 19 10:24:25 2025
: Starting workflow: SendSMSAlert
Sun Oct 19 10:24:25 2025
:   Executing action: MessageAction with params: {"content":"Server alert: High CPU usage detected!","delay":0,"recipient":"+1234567890","type":"sms"}
Sun Oct 19 10:29:25 2025
:   Action MessageAction completed.
Sun Oct 19 10:29:25 2025
: Workflow completed: SendEmailReminder
Sun Oct 19 10:29:25 2025
:   Action MessageAction completed.
Sun Oct 19 10:29:25 2025
: Workflow completed: SendSMSAlert
Sun Oct 19 10:29:25 2025
: Engine exited.
Sun Oct 19 10:30:07 2025
: Starting workflow: SendEmailReminder
Sun Oct 19 10:30:07 2025
:   Executing action: MessageAction with params: {"content":"Don't forget to check the project status!","delay":5,"recipient":"jay795701@gmail.com","subject":"Project Reminder","type":"email"}
Sun Oct 19 10:30:07 2025
: Starting workflow: BackupFiles
Sun Oct 19 10:30:07 2025
: Starting workflow: SendSMSAlert
Sun Oct 19 10:30:07 2025
: Rule not satisfied for workflow: BackupFiles
Sun Oct 19 10:30:07 2025
:   Executing action: MessageAction with params: {"content":"Server alert: High CPU usage detected!","delay":0,"recipient":"+1234567890","type":"sms"}
Sun Oct 19 10:35:07 2025
:   Action MessageAction completed.
Sun Oct 19 10:35:07 2025
: Workflow completed: SendEmailReminder
Sun Oct 19 10:35:07 2025
:   Action MessageAction completed.
Sun Oct 19 10:35:07 2025
: Workflow completed: SendSMSAlert
Sun Oct 19 10:35:07 2025
: Engine exited.
Sun Oct 19 10:35:28 2025
: Starting workflow: BackupFiles
Sun Oct 19 10:35:28 2025
: Rule not satisfied for workflow: BackupFiles
Sun Oct 19 10:35:28 2025
: Starting workflow: SendSMSAlert
Sun Oct 19 10:35:28 2025
:   Executing action: MessageAction with params: {"content":"Server alert: High CPU usage detected!","delay":0,"recipient":"+1234567890","type":"sms"}
Sun Oct 19 10:35:28 2025
: Starting workflow: SendEmailReminder
Sun Oct 19 10:35:28 2025
:   Executing action: MessageAction with params: {"content":"Don't forget to check the project status!","delay":5,"recipient":"jay795701@gmail.com","subject":"Project Reminder","type":"email"}
Sun Oct 19 10:40:28 2025
:   Action MessageAction completed.
Sun Oct 19 10:40:28 2025
: Workflow completed: SendSMSAlert
Sun Oct 19 10:40:28 2025
:   Action MessageAction completed.
Sun Oct 19 10:40:28 2025
: Workflow completed: SendEmailReminder
Sun Oct 19 10:40:28 2025
: Engine exited.
Sun Oct 19 10:41:32 2025
: Starting workflow: BackupFiles
Sun Oct 19 10:41:32 2025
: Starting workflow: SendEmailReminder
Sun Oct 19 10:41:32 2025
:   Executing action: MessageAction with params: {"content":"Don't forget to check the project status!","delay":5,"recipient":"jay795701@gmail.com","subject":"Project Reminder","type":"email"}
Sun Oct 19 10:41:32 2025
: Rule not satisfied for workflow: BackupFiles
Sun Oct 19 10:41:32 2025
: Starting workflow: SendSMSAlert
Sun Oct 19 10:41:32 2025
:   Executing action: MessageAction with params: {"content":"Server alert: High CPU usage detected!","delay":0,"recipient":"+1234567890","type":"sms"}
Sun Oct 19 10:46:32 2025
:   Action MessageAction completed.
Sun Oct 19 10:46:32 2025
: Workflow completed: SendEmailReminder
Sun Oct 19 10:46:32 2025
:   Action MessageAction completed.
Sun Oct 19 10:46:32 2025
: Workflow completed: SendSMSAlert
Sun Oct 19 10:46:32 2025
: Engine exited.
Sun Oct 19 10:47:27 2025
: Starting workflow: BackupFiles
Sun Oct 19 10:47:27 2025
: Starting workflow: SendEmailReminder
Sun Oct 19 10:47:27 2025
:   Executing action: MessageAction with params: {"content":"Don't forget to check the project status!","delay":5,"recipient":"jay795701@gmail.com","subject":"Project Reminder","type":"email"}
Sun Oct 19 10:47:27 2025
: Rule not satisfied for workflow: BackupFiles
Sun Oct 19 10:47:27 2025
: Starting workflow: SendSMSAlert
Sun Oct 19 10:47:27 2025
:   Executing action: MessageAction with params: {"content":"Server alert: High CPU usage detected!","delay":0,"recipient":"+1234567890","type":"sms"}
Sun Oct 19 10:52:27 2025
:   Action MessageAction completed.
Sun Oct 19 10:52:27 2025
: Workflow completed: SendEmailReminder
Sun Oct 19 10:52:27 2025
:   Action MessageAction completed.
Sun Oct 19 10:52:27 2025
: Workflow completed: SendSMSAlert
Sun Oct 19 10:52:27 2025
: Engine exited.
Sun Oct 19 10:54:05 2025
: Starting workflow: BackupFiles
Sun Oct 19 10:54:05 2025
: Starting workflow: SendEmailReminder
Sun Oct 19 10:54:05 2025
:   Executing action: MessageAction with params: {"content":"Don't forget to check the project status!","delay":5,"recipient":"jay795701@gmail.com","subject":"Project Reminder","type":"email"}
Sun Oct 19 10:54:05 2025
: Rule not satisfied for workflow: BackupFiles
Sun Oct 19 10:54:05 2025
: Starting workflow: SendSMSAlert
Sun Oct 19 10:54:05 2025
:   Executing action: MessageAction with params: {"content":"Server alert: High CPU usage detected!","delay":0,"recipient":"+1234567890","type":"sms"}
Sun Oct 19 10:59:05 2025
:   Action MessageAction completed.
Sun Oct 19 10:59:05 2025
: Workflow completed: SendEmailReminder
Sun Oct 19 10:59:05 2025
:   Action MessageAction completed.
Sun Oct 19 10:59:05 2025
: Workflow completed: SendSMSAlert
Sun Oct 19 10:59:05 2025
: Engine exited.
Sun Oct 19 10:59:50 2025
: Starting workflow: BackupFiles
Sun Oct 19 10:59:50 2025
: Starting workflow: SendEmailReminder
Sun Oct 19 10:59:50 2025
:   Executing action: MessageAction with params: {"content":"Don't forget to check the project status!","delay":5,"recipient":"jay795701@gmail.com","subject":"Project Reminder","type":"email"}
Sun Oct 19 10:59:50 2025
: Rule not satisfied for workflow: BackupFiles
Sun Oct 19 10:59:50 2025
: Starting workflow: SendSMSAlert
Sun Oct 19 10:59:50 2025
:   Executing action: MessageAction with params: {"content":"Server alert: High CPU usage detected!","delay":0,"recipient":"+1234567890","type":"sms"}
Sun Oct 19 11:04:50 2025
:   Action MessageAction completed.
Sun Oct 19 11:04:50 2025
: Workflow completed: SendEmailReminder
Sun Oct 19 11:04:50 2025
:   Action MessageAction completed.
Sun Oct 19 11:04:50 2025
: Workflow completed: SendSMSAlert
Sun Oct 19 11:04:50 2025
: Engine exited.
Sun Oct 19 11:10:38 2025
: Starting workflow: BackupFiles
Sun Oct 19 11:10:38 2025
: Starting workflow: SendSMSAlert
Sun Oct 19 11:10:38 2025
:   Executing action: MessageAction with params: {"content":"Server alert: High CPU usage detected!","delay":0,"recipient":"+1234567890","type":"sms"}
Sun Oct 19 11:10:38 2025
: Rule not satisfied for workflow: BackupFiles
Sun Oct 19 11:10:38 2025
: Starting workflow: SendEmailReminder
Sun Oct 19 11:10:38 2025
:   Executing action: MessageAction with params: {"content":"Don't forget to check the project status!","delay":5,"recipient":"jay795701@gmail.com","subject":"Project Reminder","type":"email"}
Sun Oct 19 11:15:38 2025
:   Action MessageAction completed.
Sun Oct 19 11:15:38 2025
: Workflow completed: SendSMSAlert
Sun Oct 19 11:15:38 2025
:   Action MessageAction completed.
Sun Oct 19 11:15:38 2025
: Workflow completed: SendEmailReminder
Sun Oct 19 11:15:38 2025
: Engine exited.
Sun Oct 19 11:17:41 2025
: Starting workflow: BackupFiles
Sun Oct 19 11:17:41 2025
: Starting workflow: SendEmailReminder
Sun Oct 19 11:17:41 2025
:   Executing action: MessageAction with params: {"content":"Don't forget to check the project status!","delay":5,"recipient":"jay795701@gmail.com","subject":"Project Reminder","type":"email"}
Sun Oct 19 11:17:41 2025
: Rule not satisfied for workflow: BackupFiles
Sun Oct 19 11:17:41 2025
: Starting workflow: SendSMSAlert
Sun Oct 19 11:17:41 2025
:   Executing action: MessageAction with params: {"content":"Server alert: High CPU usage detected!","delay":0,"recipient":"+1234567890","type":"sms"}
Sun Oct 19 11:22:41 2025
:   Action MessageAction completed.
Sun Oct 19 11:22:41 2025
: Workflow completed: SendEmailReminder
Sun Oct 19 11:22:41 2025
:   Action MessageAction completed.
Sun Oct 19 11:22:41 2025
: Workflow completed: SendSMSAlert
Sun Oct 19 11:22:41 2025
: Engine exited.
Sun Oct 19 11:23:51 2025
: Starting workflow: BackupFiles
Sun Oct 19 11:23:51 2025
: Starting workflow: SendEmailReminder
Sun Oct 19 11:23:51 2025
: Starting workflow: SendSMSAlert
Sun Oct 19 11:23:51 2025
:   Executing action: MessageAction with params: {"content":"Server alert: High CPU usage detected!","delay":0,"recipient":"+1234567890","type":"sms"}
Sun Oct 19 11:23:51 2025
:   Executing action: MessageAction with params: {"content":"Don't forget to check the project status!","delay":0,"recipient":"jay795701@gmail.com","subject":"Project Reminder","type":"email"}
Sun Oct 19 11:23:51 2025
: Rule not satisfied for workflow: BackupFiles
Sun Oct 19 11:28:51 2025
:   Action MessageAction completed.
Sun Oct 19 11:28:51 2025
: Workflow completed: SendEmailReminder
Sun Oct 19 11:28:51 2025
:   Action MessageAction completed.
Sun Oct 19 11:28:51 2025
: Workflow completed: SendSMSAlert
Sun Oct 19 11:28:51 2025
: Engine exited.
Sun Oct 19 11:29:32 2025
: Starting workflow: BackupFiles
Sun Oct 19 11:29:32 2025
: Starting workflow: SendEmailReminder
Sun Oct 19 11:29:32 2025
:   Executing action: MessageAction with params: {"content":"Don't forget to check the project status!","delay":0,"recipient":"jay795701@gmail.com","subject":"Project Reminder","type":"email"}
Sun Oct 19 11:29:32 2025
: Rule not satisfied for workflow: BackupFiles
Sun Oct 19 11:29:32 2025
: Starting workflow: SendSMSAlert
Sun Oct 19 11:29:32 2025
:   Executing action: MessageAction with params: {"content":"Server alert: High CPU usage detected!","delay":0,"recipient":"+1234567890","type":"sms"}
Sun Oct 19 11:34:32 2025
:   Action MessageAction completed.
Sun Oct 19 11:34:32 2025
: Workflow completed: SendEmailReminder
Sun Oct 19 11:34:32 2025
:   Action MessageAction completed.
Sun Oct 19 11:34:32 2025
: Workflow completed: SendSMSAlert
Sun Oct 19 11:34:32 2025
: Engine exited.
Sun Oct 19 11:35:16 2025
: Starting workflow: BackupFiles
Sun Oct 19 11:35:16 2025
: Starting workflow: SendEmailReminder
Sun Oct 19 11:35:16 2025
:   Executing action: MessageAction with params: {"content":"Don't forget to check the project status!","delay":0,"recipient":"jay795701@gmail.com","subject":"Project Reminder","type":"email"}
Sun Oct 19 11:35:16 2025
: Rule not satisfied for workflow: BackupFiles
Sun Oct 19 11:35:16 2025
: Starting workflow: SendSMSAlert
Sun Oct 19 11:35:16 2025
:   Executing action: MessageAction with params: {"content":"Server alert: High CPU usage detected!","delay":0,"recipient":"+1234567890","type":"sms"}
Sun Oct 19 11:40:16 2025
:   Action MessageAction completed.
Sun Oct 19 11:40:16 2025
: Workflow completed: SendSMSAlert
Sun Oct 19 11:40:16 2025
:   Action MessageAction completed.
Sun Oct 19 11:40:16 2025
: Workflow completed: SendEmailReminder
Sun Oct 19 11:40:16 2025
: Engine exited.
Sun Oct 19 11:41:18 2025
: Starting workflow: BackupFiles
Sun Oct 19 11:41:18 2025
: Starting workflow: SendEmailReminder
Sun Oct 19 11:41:18 2025
:   Executing action: MessageAction with params: {"content":"Don't forget to check the project status!","delay":0,"recipient":"jay795701@gmail.com","subject":"Project Reminder","type":"email"}
Sun Oct 19 11:41:18 2025
: Rule not satisfied for workflow: BackupFiles
Sun Oct 19 11:41:18 2025
: Starting workflow: SendSMSAlert
Sun Oct 19 11:41:18 2025
:   Executing action: MessageAction with params: {"content":"Server alert: High CPU usage detected!","delay":0,"recipient":"+1234567890","type":"sms"}
Sun Oct 19 11:41:18 2025
:   Action MessageAction completed.
Sun Oct 19 11:41:18 2025
: Workflow completed: SendSMSAlert
Sun Oct 19 11:42:05 2025
: Starting workflow: BackupFiles
Sun Oct 19 11:42:05 2025
: Starting workflow: SendEmailReminder
Sun Oct 19 11:42:05 2025
:   Executing action: MessageAction with params: {"content":"Don't forget to check the project status!","delay":0,"recipient":"jay795701@gmail.com","subject":"Project Reminder","type":"email"}
Sun Oct 19 11:42:05 2025
: Rule not satisfied for workflow: BackupFiles
Sun Oct 19 11:42:05 2025
: Starting workflow: SendSMSAlert
Sun Oct 19 11:42:05 2025
:   Executing action: MessageAction with params: {"content":"Server alert: High CPU usage detected!","delay":0,"recipient":"+1234567890","type":"sms"}
Sun Oct 19 11:42:05 2025
:   Action MessageAction completed.
Sun Oct 19 11:42:05 2025
: Workflow completed: SendSMSAlert
Sun Oct 19 11:43:14 2025
: Starting workflow: SendEmailReminder
Sun Oct 19 11:43:14 2025
:   Executing action: MessageAction with params: {"content":"Don't forget to check the project status!","delay":0,"recipient":"jay795701@gmail.com","subject":"Project Reminder","type":"email"}
Sun Oct 19 11:43:14 2025
: Starting workflow: SendSMSAlert
Sun Oct 19 11:43:14 2025
:   Executing action: MessageAction with params: {"content":"Server alert: High CPU usage detected!","delay":0,"recipient":"+1234567890","type":"sms"}
Sun Oct 19 11:43:14 2025
: Starting workflow: BackupFiles
Sun Oct 19 11:43:14 2025
: Rule not satisfied for workflow: BackupFiles
Sun Oct 19 11:43:14 2025
:   Action MessageAction completed.
Sun Oct 19 11:43:14 2025
: Workflow completed: SendSMSAlert
Sun Oct 19 11:44:25 2025
: Starting workflow: BackupFiles
Sun Oct 19 11:44:25 2025
: Starting workflow: SendSMSAlert
Sun Oct 19 11:44:25 2025
:   Executing action: MessageAction with params: {"content":"Server alert: High CPU usage detected!","delay":0,"recipient":"+1234567890","type":"sms"}
Sun Oct 19 11:44:25 2025
: Rule not satisfied for workflow: BackupFiles
Sun Oct 19 11:44:25 2025
: Starting workflow: SendEmailReminder
Sun Oct 19 11:44:25 2025
:   Executing action: MessageAction with params: {"content":"Don't forget to check the project status!","delay":0,"recipient":"jay795701@gmail.com","subject":"Project Reminder","type":"email"}
Sun Oct 19 11:44:25 2025
:   Action MessageAction completed.
Sun Oct 19 11:44:25 2025
: Workflow completed: SendSMSAlert
Tue Oct 21 10:28:48 2025
: Starting workflow: BackupFiles
Tue Oct 21 10:28:48 2025
: Starting workflow: SendEmailReminder
Tue Oct 21 10:28:48 2025
:   Executing action: MessageAction with params: {"content":"Don't forget to check the project status!","delay":0,"recipient":"jay795701@gmail.com","subject":"Project Reminder","type":"email"}
Tue Oct 21 10:28:48 2025
: Rule not satisfied for workflow: BackupFiles
Tue Oct 21 10:28:48 2025
: Starting workflow: SendSMSAlert
Tue Oct 21 10:28:48 2025
:   Executing action: MessageAction with params: {"content":"Server alert: High CPU usage detected!","delay":0,"recipient":"+916354378559","type":"sms"}
Tue Oct 21 10:28:49 2025
:   Action MessageAction completed.
Tue Oct 21 10:28:49 2025
: Workflow completed: SendSMSAlert
Tue Oct 21 11:58:18 2025
: Starting workflow (with overrides): SendEmailReminder
Tue Oct 21 11:58:18 2025
:   Executing action: MessageAction with params: {"content":"Don't forget to check the project status!","delay":0,"recipient":"jay795701@gmail.com","subject":"Project Reminder","type":"email"}
Tue Oct 21 12:03:31 2025
: Starting workflow (with overrides): SendEmailReminder
Tue Oct 21 12:03:31 2025
:   Executing action: MessageAction with params: {"content":"Don't forget to check the project status!","delay":0,"recipient":"jay795701@gmail.com","subject":"Project Reminder","type":"email"}
2025-10-21 13:23:34 [MessageAction] SMTP send failed: Login denied
Tue Oct 21 13:23:49 2025
: Engine exited.
2025-10-21 15:42:28 [MessageAction] SMTP send failed: Login denied
2025-10-21 15:46:10 [MessageAction] SMTP send failed: Login denied
Tue Oct 21 15:46:33 2025
: Engine exited.
2025-10-21 15:46:51 [MessageAction] SMTP send failed: Login denied
Tue Oct 21 15:52:58 2025
: Engine exited.
Tue Oct 21 16:10:01 2025
: Engine exited.
Tue Oct 21 16:10:02 2025
: Engine exited.
Tue Oct 21 16:10:03 2025
: Engine exited.
Tue Oct 21 16:10:04 2025
: Engine exited.
Tue Oct 21 16:32:43 2025
: Engine exited.
Tue Oct 21 17:12:34 2025
: Engine exited.
Tue Oct 21 17:19:23 2025
: Engine exited.
Wed Oct 22 10:10:38 2025
: Engine exited.
Wed Oct 22 10:37:38 2025
: Engine exited after running workflow: PrintAction
Wed Oct 22 10:38:13 2025
: Engine exited after running workflow: PrintAction
Wed Nov  5 11:56:08 2025
: Engine exited after running workflow: SendEmailReminder
Wed Nov  5 11:57:40 2025
: Engine exited after running workflow: SendEmailReminder
Wed Nov  5 11:58:35 2025
: Engine exited after running workflow: SendEmailReminder
